pandoc 

  to: html
  output-file: thoughts.html
  standalone: true
  title-prefix: Pedro Leitão
  section-divs: true
  html-math-method: mathjax
  wrap: none
  default-image-extension: png
  css:
    - styles.css
  toc: true
  variables: {}
  

metadata

  document-css: false
  link-citations: true
  date-format: long
  lang: en
  unsplash:
    client_id: d53HeQO3HqiazQlm5nM8o443dCxD5iM8d-zvjbVA5N4
  jupyter:
    kernelspec:
      name: python3
      language: python
      display_name: ML Environment (latest)
  theme:
    - cosmo
    - custom.scss
  mermaid:
    theme: default
  code-summary: Show the code
  code-block-border-left: false
  lightbox: true
  title-block-categories: true
  title-block-banner: _static/banner-highlights-partial.jpg
  mainfont: Roboto Flex
  monofont: Roboto Mono
  title: Thoughts
  subtitle: thoughts and reflections
  listing:
    contents: posts/thoughts
    feed:
      items: 10
      image: _static/logo.jpg
      type: partial
    fields:
      - date
      - title
      - subtitle
      - description
      - categories
      - reading-time
    sort: date desc
    type: grid
    page-size: 6
    grid-item-border: false
    max-description-length: 150
    date-format: medium
    categories: true
    sort-ui: false
    filter-ui: false
  page-layout: full
  

Output created: docs/thoughts.html


